0 info it worked if it ends with ok
1 verbose cli [ '/home/yourdeveloperfriend/.nvm/v0.10.38/bin/node',
1 verbose cli   '/home/yourdeveloperfriend/.nvm/v0.10.38/bin/npm',
1 verbose cli   'run',
1 verbose cli   'build' ]
2 info using npm@1.4.28
3 info using node@v0.10.38
4 verbose run-script [ 'prebuild', 'build', 'postbuild' ]
5 info prebuild ez-access@0.0.1
6 info build ez-access@0.0.1
7 verbose unsafe-perm in lifecycle true
8 info ez-access@0.0.1 Failed to exec build script
9 error ez-access@0.0.1 build: `babel --stage 0 --out-dir lib src`
9 error Exit status 8
10 error Failed at the ez-access@0.0.1 build script.
10 error This is most likely a problem with the ez-access package,
10 error not with npm itself.
10 error Tell the author that this fails on your system:
10 error     babel --stage 0 --out-dir lib src
10 error You can get their info via:
10 error     npm owner ls ez-access
10 error There is likely additional logging output above.
11 error System Linux 3.13.0-52-generic
12 error command "/home/yourdeveloperfriend/.nvm/v0.10.38/bin/node" "/home/yourdeveloperfriend/.nvm/v0.10.38/bin/npm" "run" "build"
13 error cwd /home/yourdeveloperfriend/www/ez-ctrl/ez-access
14 error node -v v0.10.38
15 error npm -v 1.4.28
16 error code ELIFECYCLE
17 verbose exit [ 1, true ]
